<?xml version="1.0" encoding="UTF-8"?>
<!-- Generated by org.testng.reporters.JUnitReportReporter -->
<testsuite hostname="DESKTOP-Q7JB9B8" failures="0" tests="1" name="modes.NewTest2" time="1.239" errors="0" timestamp="2024-12-07T17:13:24 IST" skipped="0">
  <testcase classname="modes.NewTest2" name="f" time="1.239"/>
  <system-out/>
</testsuite> <!-- modes.NewTest2 -->
