<?xml version="1.0" encoding="UTF-8"?>
<!-- Generated by org.testng.reporters.JUnitReportReporter -->
<testsuite hostname="DESKTOP-Q7JB9B8" failures="0" tests="1" name="prashanth.GitHubDemo" time="3.069" errors="0" timestamp="2025-02-20T11:34:39 IST" skipped="0">
  <testcase classname="prashanth.GitHubDemo" name="techlearnlogin" time="3.069"/>
  <system-out/>
</testsuite> <!-- prashanth.GitHubDemo -->
